<?xml version="1.0" encoding="UTF-8"?>
<testsuite xmlns:xsi="http://www.w3.org/2001/XMLSchema-instance" xsi:noNamespaceSchemaLocation="https://maven.apache.org/surefire/maven-surefire-plugin/xsd/surefire-test-report.xsd" name="TestSuite" time="0.415" tests="6" errors="0" skipped="0" failures="0">
  <properties>
    <property name="java.specification.version" value="15"/>
    <property name="sun.cpu.isalist" value="amd64"/>
    <property name="sun.jnu.encoding" value="Cp1252"/>
    <property name="java.class.path" value="D:\NSDLJenkinsTraining\CalculatorAPI\CalculatorAPI\target\test-classes;D:\NSDLJenkinsTraining\CalculatorAPI\CalculatorAPI\target\classes;D:\MavenRepo\org\testng\testng\7.4.0\testng-7.4.0.jar;D:\MavenRepo\com\beust\jcommander\1.78\jcommander-1.78.jar;D:\MavenRepo\org\webjars\jquery\3.5.1\jquery-3.5.1.jar;"/>
    <property name="java.vm.vendor" value="Oracle Corporation"/>
    <property name="sun.arch.data.model" value="64"/>
    <property name="user.variant" value=""/>
    <property name="java.vendor.url" value="https://java.oracle.com/"/>
    <property name="user.timezone" value="Asia/Calcutta"/>
    <property name="os.name" value="Windows 10"/>
    <property name="java.vm.specification.version" value="15"/>
    <property name="sun.java.launcher" value="SUN_STANDARD"/>
    <property name="user.country" value="IN"/>
    <property name="sun.boot.library.path" value="C:\Users\magicuser\.p2\pool\plugins\org.eclipse.justj.openjdk.hotspot.jre.full.win32.x86_64_15.0.2.v20210201-0955\jre\bin"/>
    <property name="sun.java.command" value="C:\Users\MAGICU~1\AppData\Local\Temp\surefire6821030334131114905\surefirebooter16252616744629455018.jar C:\Users\magicuser\AppData\Local\Temp\surefire6821030334131114905 2021-07-14T15-50-14_562-jvmRun1 surefire4695990712695035428tmp surefire_01747743822434247847tmp"/>
    <property name="jdk.debug" value="release"/>
    <property name="surefire.test.class.path" value="D:\NSDLJenkinsTraining\CalculatorAPI\CalculatorAPI\target\test-classes;D:\NSDLJenkinsTraining\CalculatorAPI\CalculatorAPI\target\classes;D:\MavenRepo\org\testng\testng\7.4.0\testng-7.4.0.jar;D:\MavenRepo\com\beust\jcommander\1.78\jcommander-1.78.jar;D:\MavenRepo\org\webjars\jquery\3.5.1\jquery-3.5.1.jar;"/>
    <property name="sun.cpu.endian" value="little"/>
    <property name="user.home" value="C:\Users\magicuser"/>
    <property name="user.language" value="en"/>
    <property name="java.specification.vendor" value="Oracle Corporation"/>
    <property name="java.version.date" value="2021-01-19"/>
    <property name="java.home" value="C:\Users\magicuser\.p2\pool\plugins\org.eclipse.justj.openjdk.hotspot.jre.full.win32.x86_64_15.0.2.v20210201-0955\jre"/>
    <property name="file.separator" value="\"/>
    <property name="basedir" value="D:\NSDLJenkinsTraining\CalculatorAPI\CalculatorAPI"/>
    <property name="java.vm.compressedOopsMode" value="Zero based"/>
    <property name="line.separator" value="&#10;"/>
    <property name="java.vm.specification.vendor" value="Oracle Corporation"/>
    <property name="java.specification.name" value="Java Platform API Specification"/>
    <property name="surefire.real.class.path" value="C:\Users\MAGICU~1\AppData\Local\Temp\surefire6821030334131114905\surefirebooter16252616744629455018.jar"/>
    <property name="user.script" value=""/>
    <property name="sun.management.compiler" value="HotSpot 64-Bit Tiered Compilers"/>
    <property name="java.runtime.version" value="15.0.2+7-27"/>
    <property name="user.name" value="magicuser"/>
    <property name="path.separator" value=";"/>
    <property name="os.version" value="10.0"/>
    <property name="java.runtime.name" value="OpenJDK Runtime Environment"/>
    <property name="file.encoding" value="Cp1252"/>
    <property name="java.vm.name" value="OpenJDK 64-Bit Server VM"/>
    <property name="localRepository" value="D:\MavenRepo"/>
    <property name="java.vendor.url.bug" value="https://bugreport.java.com/bugreport/"/>
    <property name="java.io.tmpdir" value="C:\Users\MAGICU~1\AppData\Local\Temp\"/>
    <property name="java.version" value="15.0.2"/>
    <property name="user.dir" value="D:\NSDLJenkinsTraining\CalculatorAPI\CalculatorAPI"/>
    <property name="os.arch" value="amd64"/>
    <property name="java.vm.specification.name" value="Java Virtual Machine Specification"/>
    <property name="sun.os.patch.level" value=""/>
    <property name="java.library.path" value="C:\Users\magicuser\.p2\pool\plugins\org.eclipse.justj.openjdk.hotspot.jre.full.win32.x86_64_15.0.2.v20210201-0955\jre\bin;C:\WINDOWS\Sun\Java\bin;C:\WINDOWS\system32;C:\WINDOWS;C:/Users/magicuser/.p2/pool/plugins/org.eclipse.justj.openjdk.hotspot.jre.full.win32.x86_64_15.0.2.v20210201-0955/jre/bin/server;C:/Users/magicuser/.p2/pool/plugins/org.eclipse.justj.openjdk.hotspot.jre.full.win32.x86_64_15.0.2.v20210201-0955/jre/bin;C:\WINDOWS\system32;C:\WINDOWS;C:\WINDOWS\System32\Wbem;C:\WINDOWS\System32\WindowsPowerShell\v1.0\;C:\WINDOWS\System32\OpenSSH\;C:\Program Files\nodejs\;C:\Users\magicuser\AppData\Local\Programs\Python\Python39\Scripts;C:\Program Files\Git\cmd;D:\JavaSeleniumBatch;C:\Users\magicuser\AppData\Local\Programs\Python\Python39;D:\QualityKioskTraining\apache-maven-3.8.1\bin;D:\MavenInstallation\apache-maven-3.8.1\bin;D:\openjdk-11_windows-x64_bin\jdk-11\bin;C:\Users\magicuser\AppData\Local\Microsoft\WindowsApps;C:\Users\magicuser\AppData\Roaming\npm;C:\Users\magicuser\AppData\Local\Programs\Microsoft VS Code\bin;C:\Program Files\JetBrains\PyCharm 2020.3.3\bin;;C:\WINDOWS\system32;;."/>
    <property name="java.vm.info" value="mixed mode"/>
    <property name="java.vendor" value="Oracle Corporation"/>
    <property name="java.vm.version" value="15.0.2+7-27"/>
    <property name="sun.io.unicode.encoding" value="UnicodeLittle"/>
    <property name="java.class.version" value="59.0"/>
  </properties>
  <testcase name="TestSubtractionWithPositiveNumbers" classname="NSDLTraining.CalculatorAPI.TestingSubtractionTestCases" time="0.002"/>
  <testcase name="TestSubtractionWith1Positive1NegativeNumbers" classname="NSDLTraining.CalculatorAPI.TestingSubtractionTestCases" time="0"/>
  <testcase name="TestMultiplicationWithPositiveValues" classname="NSDLTraining.CalculatorAPI.TestMultiplication" time="0"/>
  <testcase name="TestMultiplicationWithPositiveValues" classname="NSDLTraining.CalculatorAPI.TestMultiplication" time="0"/>
  <testcase name="TestMultiplicationWithPositiveValues" classname="NSDLTraining.CalculatorAPI.TestMultiplication" time="0.001"/>
  <testcase name="TestMultiplicationWithPositiveValues" classname="NSDLTraining.CalculatorAPI.TestMultiplication" time="0"/>
</testsuite>