<?xml version="1.0" encoding="UTF-8"?>
<!-- Generated by org.testng.reporters.JUnitReportReporter -->
<testsuite hostname="DESKTOP-4VODV2N" failures="0" tests="4" name="NSDLTraining.CalculatorAPI.TestMultiplication" time="0.003" errors="0" timestamp="2021-07-15T15:07:18 IST" skipped="0">
  <testcase classname="NSDLTraining.CalculatorAPI.TestMultiplication" name="TestMultiplicationWithPositiveValues" time="0.001"/>
  <system-out/>
  <testcase classname="NSDLTraining.CalculatorAPI.TestMultiplication" name="TestMultiplicationWithPositiveValues" time="0.002"/>
  <system-out/>
  <testcase classname="NSDLTraining.CalculatorAPI.TestMultiplication" name="TestMultiplicationWithPositiveValues" time="0.000"/>
  <system-out/>
  <testcase classname="NSDLTraining.CalculatorAPI.TestMultiplication" name="TestMultiplicationWithPositiveValues" time="0.000"/>
  <system-out/>
</testsuite> <!-- NSDLTraining.CalculatorAPI.TestMultiplication -->
