<?xml version="1.0" encoding="UTF-8"?>
<!-- Generated by org.testng.reporters.JUnitReportReporter -->
<testsuite hostname="LPTSEPT12" failures="0" tests="2" name="NSDLTraining.CalculatorAPI.TestingSubtractionTestCases" time="0.001" errors="0" timestamp="2021-07-14T15:50:16 IST" skipped="0">
  <testcase classname="NSDLTraining.CalculatorAPI.TestingSubtractionTestCases" name="TestSubtractionWithPositiveNumbers" time="0.001"/>
  <system-out/>
  <testcase classname="NSDLTraining.CalculatorAPI.TestingSubtractionTestCases" name="TestSubtractionWith1Positive1NegativeNumbers" time="0.000"/>
  <system-out/>
</testsuite> <!-- NSDLTraining.CalculatorAPI.TestingSubtractionTestCases -->
